[0.009s] Invoking command in '/home/james/eloquent_ws/src/halodi-messages/build/ocs2_ros2_msgs': /usr/local/bin/cmake /home/james/eloquent_ws/src/halodi-messages/ocs2_ros2_msgs -DCMAKE_INSTALL_PREFIX=/home/james/eloquent_ws/src/halodi-messages/install/ocs2_ros2_msgs
[0.017s] CMake Error at CMakeLists.txt:12 (find_package):
[0.018s]   By not providing "Findament_cmake.cmake" in CMAKE_MODULE_PATH this project
[0.018s]   has asked CMake to find a package configuration file provided by
[0.018s]   "ament_cmake", but CMake did not find one.
[0.018s] 
[0.018s]   Could not find a package configuration file provided by "ament_cmake" with
[0.018s]   any of the following names:
[0.018s] 
[0.018s]     ament_cmakeConfig.cmake
[0.018s]     ament_cmake-config.cmake
[0.019s] 
[0.019s]   Add the installation prefix of "ament_cmake" to CMAKE_PREFIX_PATH or set
[0.019s]   "ament_cmake_DIR" to a directory containing one of the above files.  If
[0.019s]   "ament_cmake" provides a separate development package or SDK, be sure it
[0.019s]   has been installed.
[0.019s] 
[0.020s] 
[0.020s] -- Configuring incomplete, errors occurred!
[0.020s] See also "/home/james/eloquent_ws/src/halodi-messages/build/ocs2_ros2_msgs/CMakeFiles/CMakeOutput.log".
[0.020s] Invoked command in '/home/james/eloquent_ws/src/halodi-messages/build/ocs2_ros2_msgs' returned '1': /usr/local/bin/cmake /home/james/eloquent_ws/src/halodi-messages/ocs2_ros2_msgs -DCMAKE_INSTALL_PREFIX=/home/james/eloquent_ws/src/halodi-messages/install/ocs2_ros2_msgs
