[0.009s] Invoking command in '/home/james/eloquent_ws/src/halodi-messages/build/ocs2_ros2_msgs': /usr/local/bin/cmake /home/james/eloquent_ws/src/halodi-messages/ocs2_ros2_msgs -DCMAKE_INSTALL_PREFIX=/home/james/eloquent_ws/src/halodi-messages/install/ocs2_ros2_msgs
[0.042s] -- The C compiler identification is GNU 7.5.0
[0.076s] -- The CXX compiler identification is GNU 7.5.0
[0.081s] -- Detecting C compiler ABI info
[0.111s] -- Detecting C compiler ABI info - done
[0.118s] -- Check for working C compiler: /usr/bin/cc - skipped
[0.118s] -- Detecting C compile features
[0.119s] -- Detecting C compile features - done
[0.121s] -- Detecting CXX compiler ABI info
[0.157s] -- Detecting CXX compiler ABI info - done
[0.165s] -- Check for working CXX compiler: /usr/bin/c++ - skipped
[0.165s] -- Detecting CXX compile features
[0.165s] -- Detecting CXX compile features - done
[0.170s] CMake Error at CMakeLists.txt:12 (find_package):
[0.170s]   By not providing "Findament_cmake.cmake" in CMAKE_MODULE_PATH this project
[0.170s]   has asked CMake to find a package configuration file provided by
[0.171s]   "ament_cmake", but CMake did not find one.
[0.171s] 
[0.171s]   Could not find a package configuration file provided by "ament_cmake" with
[0.171s]   any of the following names:
[0.171s] 
[0.171s]     ament_cmakeConfig.cmake
[0.171s]     ament_cmake-config.cmake
[0.171s] 
[0.171s]   Add the installation prefix of "ament_cmake" to CMAKE_PREFIX_PATH or set
[0.171s]   "ament_cmake_DIR" to a directory containing one of the above files.  If
[0.171s]   "ament_cmake" provides a separate development package or SDK, be sure it
[0.171s]   has been installed.
[0.171s] 
[0.171s] 
[0.171s] -- Configuring incomplete, errors occurred!
[0.171s] See also "/home/james/eloquent_ws/src/halodi-messages/build/ocs2_ros2_msgs/CMakeFiles/CMakeOutput.log".
