[0.017s] Invoking command in '/home/james/eloquent_ws/src/halodi-messages/build/halodi_msgs': /usr/local/bin/cmake --build /home/james/eloquent_ws/src/halodi-messages/build/halodi_msgs -- -j16 -l16
[0.039s] -- Found ament_cmake: 0.8.2 (/opt/ros/eloquent/share/ament_cmake/cmake)
[0.055s] -- Found PythonInterp: /usr/bin/python3 (found suitable version "3.6.9", minimum required is "3") 
[0.055s] -- Using PYTHON_EXECUTABLE: /usr/bin/python3
[0.112s] Traceback (most recent call last):
[0.112s]   File "/opt/ros/eloquent/share/ament_cmake_core/cmake/package_templates/templates_2_cmake.py", line 21, in <module>
[0.112s]     from ament_package.templates import get_environment_hook_template_path
[0.112s] ModuleNotFoundError: No module named 'ament_package'
[0.118s] CMake Error at /opt/ros/eloquent/share/ament_cmake_core/cmake/ament_cmake_package_templates-extras.cmake:41 (message):
[0.118s]   execute_process(/usr/bin/python3
[0.118s]   /opt/ros/eloquent/share/ament_cmake_core/cmake/package_templates/templates_2_cmake.py
[0.118s]   /home/james/eloquent_ws/src/halodi-messages/build/halodi_msgs/ament_cmake_package_templates/templates.cmake)
[0.118s]   returned error code 1
[0.119s] Call Stack (most recent call first):
[0.119s]   /opt/ros/eloquent/share/ament_cmake_core/cmake/ament_cmake_coreConfig.cmake:38 (include)
[0.119s]   /opt/ros/eloquent/share/ament_cmake/cmake/ament_cmake_export_dependencies-extras.cmake:15 (find_package)
[0.119s]   /opt/ros/eloquent/share/ament_cmake/cmake/ament_cmakeConfig.cmake:38 (include)
[0.119s]   CMakeLists.txt:12 (find_package)
[0.119s] 
[0.119s] 
[0.119s] -- Configuring incomplete, errors occurred!
[0.119s] See also "/home/james/eloquent_ws/src/halodi-messages/build/halodi_msgs/CMakeFiles/CMakeOutput.log".
[0.119s] make: *** [cmake_check_build_system] Error 1
[0.119s] Makefile:7923: recipe for target 'cmake_check_build_system' failed
[0.120s] Invoked command in '/home/james/eloquent_ws/src/halodi-messages/build/halodi_msgs' returned '2': /usr/local/bin/cmake --build /home/james/eloquent_ws/src/halodi-messages/build/halodi_msgs -- -j16 -l16
