[0.009s] Invoking command in '/home/james/eloquent_ws/src/halodi-messages/build/halodi_msgs': /usr/local/bin/cmake /home/james/eloquent_ws/src/halodi-messages/halodi_msgs -DCMAKE_INSTALL_PREFIX=/home/james/eloquent_ws/src/halodi-messages/install/halodi_msgs
[0.072s] -- The C compiler identification is GNU 7.5.0
[0.215s] -- The CXX compiler identification is GNU 7.5.0
[0.224s] -- Detecting C compiler ABI info
[0.266s] -- Detecting C compiler ABI info - done
[0.278s] -- Check for working C compiler: /usr/bin/cc - skipped
[0.278s] -- Detecting C compile features
[0.279s] -- Detecting C compile features - done
[0.283s] -- Detecting CXX compiler ABI info
[0.323s] -- Detecting CXX compiler ABI info - done
[0.332s] -- Check for working CXX compiler: /usr/bin/c++ - skipped
[0.332s] -- Detecting CXX compile features
[0.333s] -- Detecting CXX compile features - done
[0.338s] CMake Error at CMakeLists.txt:12 (find_package):
[0.338s]   By not providing "Findament_cmake.cmake" in CMAKE_MODULE_PATH this project
[0.338s]   has asked CMake to find a package configuration file provided by
[0.338s]   "ament_cmake", but CMake did not find one.
[0.338s] 
[0.338s]   Could not find a package configuration file provided by "ament_cmake" with
[0.338s]   any of the following names:
[0.339s] 
[0.339s]     ament_cmakeConfig.cmake
[0.339s]     ament_cmake-config.cmake
[0.339s] 
[0.339s]   Add the installation prefix of "ament_cmake" to CMAKE_PREFIX_PATH or set
[0.339s]   "ament_cmake_DIR" to a directory containing one of the above files.  If
[0.339s]   "ament_cmake" provides a separate development package or SDK, be sure it
[0.339s]   has been installed.
[0.339s] 
[0.339s] 
[0.339s] -- Configuring incomplete, errors occurred!
[0.339s] See also "/home/james/eloquent_ws/src/halodi-messages/build/halodi_msgs/CMakeFiles/CMakeOutput.log".
[0.340s] Invoked command in '/home/james/eloquent_ws/src/halodi-messages/build/halodi_msgs' returned '1': /usr/local/bin/cmake /home/james/eloquent_ws/src/halodi-messages/halodi_msgs -DCMAKE_INSTALL_PREFIX=/home/james/eloquent_ws/src/halodi-messages/install/halodi_msgs
