[0.012s] Invoking command in '/home/james/eloquent_ws/src/halodi-messages/build/halodi_msgs': /usr/local/bin/cmake /home/james/eloquent_ws/src/halodi-messages/halodi_msgs -DCMAKE_INSTALL_PREFIX=/home/james/eloquent_ws/src/halodi-messages/install/halodi_msgs
[0.021s] CMake Error at CMakeLists.txt:12 (find_package):
[0.021s]   By not providing "Findament_cmake.cmake" in CMAKE_MODULE_PATH this project
[0.021s]   has asked CMake to find a package configuration file provided by
[0.021s]   "ament_cmake", but CMake did not find one.
[0.021s] 
[0.022s]   Could not find a package configuration file provided by "ament_cmake" with
[0.022s]   any of the following names:
[0.022s] 
[0.022s]     ament_cmakeConfig.cmake
[0.022s]     ament_cmake-config.cmake
[0.022s] 
[0.022s]   Add the installation prefix of "ament_cmake" to CMAKE_PREFIX_PATH or set
[0.022s]   "ament_cmake_DIR" to a directory containing one of the above files.  If
[0.022s]   "ament_cmake" provides a separate development package or SDK, be sure it
[0.023s]   has been installed.
[0.023s] 
[0.023s] 
[0.023s] -- Configuring incomplete, errors occurred!
[0.023s] See also "/home/james/eloquent_ws/src/halodi-messages/build/halodi_msgs/CMakeFiles/CMakeOutput.log".
[0.023s] Invoked command in '/home/james/eloquent_ws/src/halodi-messages/build/halodi_msgs' returned '1': /usr/local/bin/cmake /home/james/eloquent_ws/src/halodi-messages/halodi_msgs -DCMAKE_INSTALL_PREFIX=/home/james/eloquent_ws/src/halodi-messages/install/halodi_msgs
